<?xml version="1.0" encoding="UTF-8"?>
<testsuite name="user.auth.sample.jwt.UserAuthSampleJwtApplicationTests" tests="1" skipped="0" failures="0" errors="0" timestamp="2020-04-15T19:36:40" hostname="leandrokohlrausch-HP-Pavilion-dm4-Notebook-PC" time="0.569">
  <properties/>
  <testcase name="contextLoads()" classname="user.auth.sample.jwt.UserAuthSampleJwtApplicationTests" time="0.569"/>
  <system-out><![CDATA[16:36:31.935 [Test worker] DEBUG org.springframework.test.context.BootstrapUtils - Instantiating CacheAwareContextLoaderDelegate from class [org.springframework.test.context.cache.DefaultCacheAwareContextLoaderDelegate]
16:36:31.963 [Test worker] DEBUG org.springframework.test.context.BootstrapUtils - Instantiating BootstrapContext using constructor [public org.springframework.test.context.support.DefaultBootstrapContext(java.lang.Class,org.springframework.test.context.CacheAwareContextLoaderDelegate)]
16:36:32.017 [Test worker] DEBUG org.springframework.test.context.BootstrapUtils - Instantiating TestContextBootstrapper for test class [user.auth.sample.jwt.UserAuthSampleJwtApplicationTests] from class [org.springframework.boot.test.context.SpringBootTestContextBootstrapper]
16:36:32.041 [Test worker] INFO org.springframework.boot.test.context.SpringBootTestContextBootstrapper - Neither @ContextConfiguration nor @ContextHierarchy found for test class [user.auth.sample.jwt.UserAuthSampleJwtApplicationTests], using SpringBootContextLoader
16:36:32.048 [Test worker] DEBUG org.springframework.test.context.support.AbstractContextLoader - Did not detect default resource location for test class [user.auth.sample.jwt.UserAuthSampleJwtApplicationTests]: class path resource [user/auth/sample/jwt/UserAuthSampleJwtApplicationTests-context.xml] does not exist
16:36:32.049 [Test worker] DEBUG org.springframework.test.context.support.AbstractContextLoader - Did not detect default resource location for test class [user.auth.sample.jwt.UserAuthSampleJwtApplicationTests]: class path resource [user/auth/sample/jwt/UserAuthSampleJwtApplicationTestsContext.groovy] does not exist
16:36:32.050 [Test worker] INFO org.springframework.test.context.support.AbstractContextLoader - Could not detect default resource locations for test class [user.auth.sample.jwt.UserAuthSampleJwtApplicationTests]: no resource found for suffixes {-context.xml, Context.groovy}.
16:36:32.051 [Test worker] INFO org.springframework.test.context.support.AnnotationConfigContextLoaderUtils - Could not detect default configuration classes for test class [user.auth.sample.jwt.UserAuthSampleJwtApplicationTests]: UserAuthSampleJwtApplicationTests does not declare any static, non-private, non-final, nested classes annotated with @Configuration.
16:36:32.132 [Test worker] DEBUG org.springframework.test.context.support.ActiveProfilesUtils - Could not find an 'annotation declaring class' for annotation type [org.springframework.test.context.ActiveProfiles] and class [user.auth.sample.jwt.UserAuthSampleJwtApplicationTests]
16:36:32.287 [Test worker] DEBUG org.springframework.context.annotation.ClassPathScanningCandidateComponentProvider - Identified candidate component class: file [/home/leandrokohlrausch/Documents/user-auth-sample-jwt/build/classes/java/main/user/auth/sample/jwt/UserAuthSampleJwtApplication.class]
16:36:32.290 [Test worker] INFO org.springframework.boot.test.context.SpringBootTestContextBootstrapper - Found @SpringBootConfiguration user.auth.sample.jwt.UserAuthSampleJwtApplication for test class user.auth.sample.jwt.UserAuthSampleJwtApplicationTests
16:36:32.460 [Test worker] DEBUG org.springframework.boot.test.context.SpringBootTestContextBootstrapper - @TestExecutionListeners is not present for class [user.auth.sample.jwt.UserAuthSampleJwtApplicationTests]: using defaults.
16:36:32.461 [Test worker] INFO org.springframework.boot.test.context.SpringBootTestContextBootstrapper - Loaded default TestExecutionListener class names from location [META-INF/spring.factories]: [org.springframework.security.test.context.support.WithSecurityContextTestExecutionListener, org.springframework.security.test.context.support.ReactorContextTestExecutionListener, org.springframework.boot.test.autoconfigure.restdocs.RestDocsTestExecutionListener, org.springframework.boot.test.autoconfigure.web.client.MockRestServiceServerResetTestExecutionListener, org.springframework.boot.test.autoconfigure.web.servlet.MockMvcPrintOnlyOnFailureTestExecutionListener, org.springframework.boot.test.autoconfigure.web.servlet.WebDriverTestExecutionListener, org.springframework.boot.test.mock.mockito.MockitoTestExecutionListener, org.springframework.boot.test.mock.mockito.ResetMocksTestExecutionListener, org.springframework.test.context.web.ServletTestExecutionListener, org.springframework.test.context.support.DirtiesContextBeforeModesTestExecutionListener, org.springframework.test.context.support.DependencyInjectionTestExecutionListener, org.springframework.test.context.support.DirtiesContextTestExecutionListener, org.springframework.test.context.transaction.TransactionalTestExecutionListener, org.springframework.test.context.jdbc.SqlScriptsTestExecutionListener, org.springframework.test.context.event.EventPublishingTestExecutionListener]
16:36:32.476 [Test worker] DEBUG org.springframework.boot.test.context.SpringBootTestContextBootstrapper - Skipping candidate TestExecutionListener [org.springframework.test.context.web.ServletTestExecutionListener] due to a missing dependency. Specify custom listener classes or make the default listener classes and their required dependencies available. Offending class: [javax/servlet/ServletContext]
16:36:32.487 [Test worker] INFO org.springframework.boot.test.context.SpringBootTestContextBootstrapper - Using TestExecutionListeners: [org.springframework.test.context.support.DirtiesContextBeforeModesTestExecutionListener@7ac249b6, org.springframework.boot.test.mock.mockito.MockitoTestExecutionListener@32b2fe3f, org.springframework.boot.test.autoconfigure.SpringBootDependencyInjectionTestExecutionListener@65a21456, org.springframework.test.context.support.DirtiesContextTestExecutionListener@63cfbdf2, org.springframework.test.context.transaction.TransactionalTestExecutionListener@ba8d7c4, org.springframework.test.context.jdbc.SqlScriptsTestExecutionListener@2ece9388, org.springframework.security.test.context.support.WithSecurityContextTestExecutionListener@5bbb32a3, org.springframework.test.context.event.EventPublishingTestExecutionListener@4505340b, org.springframework.security.test.context.support.ReactorContextTestExecutionListener@85ecd98, org.springframework.boot.test.autoconfigure.restdocs.RestDocsTestExecutionListener@52565dc8, org.springframework.boot.test.autoconfigure.web.client.MockRestServiceServerResetTestExecutionListener@50fa430b, org.springframework.boot.test.autoconfigure.web.servlet.MockMvcPrintOnlyOnFailureTestExecutionListener@3cb38073, org.springframework.boot.test.autoconfigure.web.servlet.WebDriverTestExecutionListener@42ffa870, org.springframework.boot.test.mock.mockito.ResetMocksTestExecutionListener@222715fa]
16:36:32.492 [Test worker] DEBUG org.springframework.test.context.support.AbstractDirtiesContextTestExecutionListener - Before test class: context [DefaultTestContext@7a4305e8 testClass = UserAuthSampleJwtApplicationTests, testInstance = [null], testMethod = [null], testException = [null], mergedContextConfiguration = [ReactiveWebMergedContextConfiguration@7280cfde testClass = UserAuthSampleJwtApplicationTests, locations = '{}', classes = '{class user.auth.sample.jwt.UserAuthSampleJwtApplication}', contextInitializerClasses = '[]', activeProfiles = '{}', propertySourceLocations = '{}', propertySourceProperties = '{org.springframework.boot.test.context.SpringBootTestContextBootstrapper=true}', contextCustomizers = set[org.springframework.boot.test.autoconfigure.properties.PropertyMappingContextCustomizer@0, org.springframework.boot.test.autoconfigure.web.servlet.WebDriverContextCustomizerFactory$Customizer@48c7a293, org.springframework.boot.test.context.filter.ExcludeFilterContextCustomizer@232ccd18, org.springframework.boot.test.json.DuplicateJsonObjectContextCustomizerFactory$DuplicateJsonObjectContextCustomizer@36f52add, org.springframework.boot.test.mock.mockito.MockitoContextCustomizer@0, org.springframework.boot.test.web.client.TestRestTemplateContextCustomizer@4e4c084b, org.springframework.boot.test.web.reactive.server.WebTestClientContextCustomizer@5a422f9], contextLoader = 'org.springframework.boot.test.context.SpringBootContextLoader', parent = [null]], attributes = map[[empty]]], class annotated with @DirtiesContext [false] with mode [null].
16:36:32.511 [Test worker] DEBUG org.springframework.test.context.support.DependencyInjectionTestExecutionListener - Performing dependency injection for test context [[DefaultTestContext@7a4305e8 testClass = UserAuthSampleJwtApplicationTests, testInstance = user.auth.sample.jwt.UserAuthSampleJwtApplicationTests@667a8aaf, testMethod = [null], testException = [null], mergedContextConfiguration = [ReactiveWebMergedContextConfiguration@7280cfde testClass = UserAuthSampleJwtApplicationTests, locations = '{}', classes = '{class user.auth.sample.jwt.UserAuthSampleJwtApplication}', contextInitializerClasses = '[]', activeProfiles = '{}', propertySourceLocations = '{}', propertySourceProperties = '{org.springframework.boot.test.context.SpringBootTestContextBootstrapper=true}', contextCustomizers = set[org.springframework.boot.test.autoconfigure.properties.PropertyMappingContextCustomizer@0, org.springframework.boot.test.autoconfigure.web.servlet.WebDriverContextCustomizerFactory$Customizer@48c7a293, org.springframework.boot.test.context.filter.ExcludeFilterContextCustomizer@232ccd18, org.springframework.boot.test.json.DuplicateJsonObjectContextCustomizerFactory$DuplicateJsonObjectContextCustomizer@36f52add, org.springframework.boot.test.mock.mockito.MockitoContextCustomizer@0, org.springframework.boot.test.web.client.TestRestTemplateContextCustomizer@4e4c084b, org.springframework.boot.test.web.reactive.server.WebTestClientContextCustomizer@5a422f9], contextLoader = 'org.springframework.boot.test.context.SpringBootContextLoader', parent = [null]], attributes = map[[empty]]]].
16:36:32.547 [Test worker] DEBUG org.springframework.test.context.support.TestPropertySourceUtils - Adding inlined properties to environment: {spring.jmx.enabled=false, org.springframework.boot.test.context.SpringBootTestContextBootstrapper=true, server.port=-1}

  .   ____          _            __ _ _
 /\\ / ___'_ __ _ _(_)_ __  __ _ \ \ \ \
( ( )\___ | '_ | '_| | '_ \/ _` | \ \ \ \
 \\/  ___)| |_)| | | | | || (_| |  ) ) ) )
  '  |____| .__|_| |_|_| |_\__, | / / / /
 =========|_|==============|___/=/_/_/_/
 :: Spring Boot ::        (v2.2.6.RELEASE)

2020-04-15 16:36:33.096  INFO 28475 --- [    Test worker] .a.s.j.UserAuthSampleJwtApplicationTests : Starting UserAuthSampleJwtApplicationTests on leandrokohlrausch-HP-Pavilion-dm4-Notebook-PC with PID 28475 (started by leandrokohlrausch in /home/leandrokohlrausch/Documents/user-auth-sample-jwt)
2020-04-15 16:36:33.101  INFO 28475 --- [    Test worker] .a.s.j.UserAuthSampleJwtApplicationTests : No active profile set, falling back to default profiles: default
2020-04-15 16:36:34.142  INFO 28475 --- [    Test worker] .s.d.r.c.RepositoryConfigurationDelegate : Bootstrapping Spring Data Reactive MongoDB repositories in DEFAULT mode.
2020-04-15 16:36:34.402  INFO 28475 --- [    Test worker] .s.d.r.c.RepositoryConfigurationDelegate : Finished Spring Data repository scanning in 252ms. Found 3 Reactive MongoDB repository interfaces.
2020-04-15 16:36:35.411  INFO 28475 --- [    Test worker] trationDelegate$BeanPostProcessorChecker : Bean 'org.springframework.security.config.annotation.method.configuration.ReactiveMethodSecurityConfiguration' of type [org.springframework.security.config.annotation.method.configuration.ReactiveMethodSecurityConfiguration] is not eligible for getting processed by all BeanPostProcessors (for example: not eligible for auto-proxying)
2020-04-15 16:36:35.443  INFO 28475 --- [    Test worker] trationDelegate$BeanPostProcessorChecker : Bean 'methodSecurityExpressionHandler' of type [org.springframework.security.access.expression.method.DefaultMethodSecurityExpressionHandler] is not eligible for getting processed by all BeanPostProcessors (for example: not eligible for auto-proxying)
2020-04-15 16:36:35.454  INFO 28475 --- [    Test worker] trationDelegate$BeanPostProcessorChecker : Bean 'methodMetadataSource' of type [org.springframework.security.access.method.DelegatingMethodSecurityMetadataSource] is not eligible for getting processed by all BeanPostProcessors (for example: not eligible for auto-proxying)
2020-04-15 16:36:36.755  INFO 28475 --- [    Test worker] org.mongodb.driver.cluster               : Cluster created with settings {hosts=[127.0.0.1:27017], srvHost=userauthsamplewebflux-mfqtd.mongodb.net, mode=MULTIPLE, requiredClusterType=REPLICA_SET, serverSelectionTimeout='30000 ms', maxWaitQueueSize=500, requiredReplicaSetName='userauthsamplewebflux-shard-0'}
2020-04-15 16:36:37.048  INFO 28475 --- [    Test worker] org.mongodb.driver.cluster               : Cluster created with settings {hosts=[127.0.0.1:27017], srvHost=userauthsamplewebflux-mfqtd.mongodb.net, mode=MULTIPLE, requiredClusterType=REPLICA_SET, serverSelectionTimeout='30000 ms', maxWaitQueueSize=500, requiredReplicaSetName='userauthsamplewebflux-shard-0'}
2020-04-15 16:36:37.615  INFO 28475 --- [qtd.mongodb.net] org.mongodb.driver.cluster               : Adding discovered server userauthsamplewebflux-shard-00-01-mfqtd.mongodb.net:27017 to client view of cluster
2020-04-15 16:36:37.615  INFO 28475 --- [qtd.mongodb.net] org.mongodb.driver.cluster               : Adding discovered server userauthsamplewebflux-shard-00-01-mfqtd.mongodb.net:27017 to client view of cluster
2020-04-15 16:36:37.671  INFO 28475 --- [qtd.mongodb.net] org.mongodb.driver.cluster               : Adding discovered server userauthsamplewebflux-shard-00-00-mfqtd.mongodb.net:27017 to client view of cluster
2020-04-15 16:36:37.673  INFO 28475 --- [qtd.mongodb.net] org.mongodb.driver.cluster               : Adding discovered server userauthsamplewebflux-shard-00-00-mfqtd.mongodb.net:27017 to client view of cluster
2020-04-15 16:36:37.679  INFO 28475 --- [qtd.mongodb.net] org.mongodb.driver.cluster               : Adding discovered server userauthsamplewebflux-shard-00-02-mfqtd.mongodb.net:27017 to client view of cluster
2020-04-15 16:36:37.683  INFO 28475 --- [qtd.mongodb.net] org.mongodb.driver.cluster               : Adding discovered server userauthsamplewebflux-shard-00-02-mfqtd.mongodb.net:27017 to client view of cluster
2020-04-15 16:36:39.048  INFO 28475 --- [ngodb.net:27017] org.mongodb.driver.connection            : Opened connection [connectionId{localValue:3, serverValue:110437}] to userauthsamplewebflux-shard-00-00-mfqtd.mongodb.net:27017
2020-04-15 16:36:39.061  INFO 28475 --- [ngodb.net:27017] org.mongodb.driver.connection            : Opened connection [connectionId{localValue:4, serverValue:116355}] to userauthsamplewebflux-shard-00-01-mfqtd.mongodb.net:27017
2020-04-15 16:36:39.064  INFO 28475 --- [ngodb.net:27017] org.mongodb.driver.connection            : Opened connection [connectionId{localValue:6, serverValue:119953}] to userauthsamplewebflux-shard-00-02-mfqtd.mongodb.net:27017
2020-04-15 16:36:39.079  INFO 28475 --- [ngodb.net:27017] org.mongodb.driver.connection            : Opened connection [connectionId{localValue:2, serverValue:110437}] to userauthsamplewebflux-shard-00-00-mfqtd.mongodb.net:27017
2020-04-15 16:36:39.081  INFO 28475 --- [ngodb.net:27017] org.mongodb.driver.connection            : Opened connection [connectionId{localValue:5, serverValue:119953}] to userauthsamplewebflux-shard-00-02-mfqtd.mongodb.net:27017
2020-04-15 16:36:39.100  INFO 28475 --- [ngodb.net:27017] org.mongodb.driver.connection            : Opened connection [connectionId{localValue:1, serverValue:116355}] to userauthsamplewebflux-shard-00-01-mfqtd.mongodb.net:27017
2020-04-15 16:36:39.211  INFO 28475 --- [    Test worker] o.s.b.a.e.web.EndpointLinksResolver      : Exposing 2 endpoint(s) beneath base path '/actuator'
2020-04-15 16:36:39.259  INFO 28475 --- [ngodb.net:27017] org.mongodb.driver.cluster               : Monitor thread successfully connected to server with description ServerDescription{address=userauthsamplewebflux-shard-00-02-mfqtd.mongodb.net:27017, type=REPLICA_SET_PRIMARY, state=CONNECTED, ok=true, version=ServerVersion{versionList=[4, 2, 5]}, minWireVersion=0, maxWireVersion=8, maxDocumentSize=16777216, logicalSessionTimeoutMinutes=30, roundTripTimeNanos=157487057, setName='userauthsamplewebflux-shard-0', canonicalAddress=userauthsamplewebflux-shard-00-02-mfqtd.mongodb.net:27017, hosts=[userauthsamplewebflux-shard-00-02-mfqtd.mongodb.net:27017, userauthsamplewebflux-shard-00-00-mfqtd.mongodb.net:27017, userauthsamplewebflux-shard-00-01-mfqtd.mongodb.net:27017], passives=[], arbiters=[], primary='userauthsamplewebflux-shard-00-02-mfqtd.mongodb.net:27017', tagSet=TagSet{[Tag{name='nodeType', value='ELECTABLE'}, Tag{name='provider', value='AWS'}, Tag{name='region', value='US_EAST_1'}]}, electionId=7fffffff0000000000000002, setVersion=2, lastWriteDate=Wed Apr 15 16:36:28 BRT 2020, lastUpdateTimeNanos=28007426998789}
2020-04-15 16:36:39.260  INFO 28475 --- [ngodb.net:27017] org.mongodb.driver.cluster               : Monitor thread successfully connected to server with description ServerDescription{address=userauthsamplewebflux-shard-00-01-mfqtd.mongodb.net:27017, type=REPLICA_SET_SECONDARY, state=CONNECTED, ok=true, version=ServerVersion{versionList=[4, 2, 5]}, minWireVersion=0, maxWireVersion=8, maxDocumentSize=16777216, logicalSessionTimeoutMinutes=30, roundTripTimeNanos=167551914, setName='userauthsamplewebflux-shard-0', canonicalAddress=userauthsamplewebflux-shard-00-01-mfqtd.mongodb.net:27017, hosts=[userauthsamplewebflux-shard-00-02-mfqtd.mongodb.net:27017, userauthsamplewebflux-shard-00-00-mfqtd.mongodb.net:27017, userauthsamplewebflux-shard-00-01-mfqtd.mongodb.net:27017], passives=[], arbiters=[], primary='userauthsamplewebflux-shard-00-02-mfqtd.mongodb.net:27017', tagSet=TagSet{[Tag{name='nodeType', value='ELECTABLE'}, Tag{name='provider', value='AWS'}, Tag{name='region', value='US_EAST_1'}]}, electionId=null, setVersion=2, lastWriteDate=Wed Apr 15 16:36:28 BRT 2020, lastUpdateTimeNanos=28007434903870}
2020-04-15 16:36:39.261  INFO 28475 --- [ngodb.net:27017] org.mongodb.driver.cluster               : Monitor thread successfully connected to server with description ServerDescription{address=userauthsamplewebflux-shard-00-01-mfqtd.mongodb.net:27017, type=REPLICA_SET_SECONDARY, state=CONNECTED, ok=true, version=ServerVersion{versionList=[4, 2, 5]}, minWireVersion=0, maxWireVersion=8, maxDocumentSize=16777216, logicalSessionTimeoutMinutes=30, roundTripTimeNanos=142448753, setName='userauthsamplewebflux-shard-0', canonicalAddress=userauthsamplewebflux-shard-00-01-mfqtd.mongodb.net:27017, hosts=[userauthsamplewebflux-shard-00-02-mfqtd.mongodb.net:27017, userauthsamplewebflux-shard-00-00-mfqtd.mongodb.net:27017, userauthsamplewebflux-shard-00-01-mfqtd.mongodb.net:27017], passives=[], arbiters=[], primary='userauthsamplewebflux-shard-00-02-mfqtd.mongodb.net:27017', tagSet=TagSet{[Tag{name='nodeType', value='ELECTABLE'}, Tag{name='provider', value='AWS'}, Tag{name='region', value='US_EAST_1'}]}, electionId=null, setVersion=2, lastWriteDate=Wed Apr 15 16:36:28 BRT 2020, lastUpdateTimeNanos=28007448577165}
2020-04-15 16:36:39.260  INFO 28475 --- [ngodb.net:27017] org.mongodb.driver.cluster               : Monitor thread successfully connected to server with description ServerDescription{address=userauthsamplewebflux-shard-00-00-mfqtd.mongodb.net:27017, type=REPLICA_SET_SECONDARY, state=CONNECTED, ok=true, version=ServerVersion{versionList=[4, 2, 5]}, minWireVersion=0, maxWireVersion=8, maxDocumentSize=16777216, logicalSessionTimeoutMinutes=30, roundTripTimeNanos=153821504, setName='userauthsamplewebflux-shard-0', canonicalAddress=userauthsamplewebflux-shard-00-00-mfqtd.mongodb.net:27017, hosts=[userauthsamplewebflux-shard-00-02-mfqtd.mongodb.net:27017, userauthsamplewebflux-shard-00-00-mfqtd.mongodb.net:27017, userauthsamplewebflux-shard-00-01-mfqtd.mongodb.net:27017], passives=[], arbiters=[], primary='userauthsamplewebflux-shard-00-02-mfqtd.mongodb.net:27017', tagSet=TagSet{[Tag{name='nodeType', value='ELECTABLE'}, Tag{name='provider', value='AWS'}, Tag{name='region', value='US_EAST_1'}]}, electionId=null, setVersion=2, lastWriteDate=Wed Apr 15 16:36:28 BRT 2020, lastUpdateTimeNanos=28007439715866}
2020-04-15 16:36:39.263  INFO 28475 --- [ngodb.net:27017] org.mongodb.driver.cluster               : Monitor thread successfully connected to server with description ServerDescription{address=userauthsamplewebflux-shard-00-02-mfqtd.mongodb.net:27017, type=REPLICA_SET_PRIMARY, state=CONNECTED, ok=true, version=ServerVersion{versionList=[4, 2, 5]}, minWireVersion=0, maxWireVersion=8, maxDocumentSize=16777216, logicalSessionTimeoutMinutes=30, roundTripTimeNanos=157398457, setName='userauthsamplewebflux-shard-0', canonicalAddress=userauthsamplewebflux-shard-00-02-mfqtd.mongodb.net:27017, hosts=[userauthsamplewebflux-shard-00-02-mfqtd.mongodb.net:27017, userauthsamplewebflux-shard-00-00-mfqtd.mongodb.net:27017, userauthsamplewebflux-shard-00-01-mfqtd.mongodb.net:27017], passives=[], arbiters=[], primary='userauthsamplewebflux-shard-00-02-mfqtd.mongodb.net:27017', tagSet=TagSet{[Tag{name='nodeType', value='ELECTABLE'}, Tag{name='provider', value='AWS'}, Tag{name='region', value='US_EAST_1'}]}, electionId=7fffffff0000000000000002, setVersion=2, lastWriteDate=Wed Apr 15 16:36:28 BRT 2020, lastUpdateTimeNanos=28007443865636}
2020-04-15 16:36:39.265  INFO 28475 --- [ngodb.net:27017] org.mongodb.driver.cluster               : Setting max election id to 7fffffff0000000000000002 from replica set primary userauthsamplewebflux-shard-00-02-mfqtd.mongodb.net:27017
2020-04-15 16:36:39.264  INFO 28475 --- [ngodb.net:27017] org.mongodb.driver.cluster               : Monitor thread successfully connected to server with description ServerDescription{address=userauthsamplewebflux-shard-00-00-mfqtd.mongodb.net:27017, type=REPLICA_SET_SECONDARY, state=CONNECTED, ok=true, version=ServerVersion{versionList=[4, 2, 5]}, minWireVersion=0, maxWireVersion=8, maxDocumentSize=16777216, logicalSessionTimeoutMinutes=30, roundTripTimeNanos=141262628, setName='userauthsamplewebflux-shard-0', canonicalAddress=userauthsamplewebflux-shard-00-00-mfqtd.mongodb.net:27017, hosts=[userauthsamplewebflux-shard-00-02-mfqtd.mongodb.net:27017, userauthsamplewebflux-shard-00-00-mfqtd.mongodb.net:27017, userauthsamplewebflux-shard-00-01-mfqtd.mongodb.net:27017], passives=[], arbiters=[], primary='userauthsamplewebflux-shard-00-02-mfqtd.mongodb.net:27017', tagSet=TagSet{[Tag{name='nodeType', value='ELECTABLE'}, Tag{name='provider', value='AWS'}, Tag{name='region', value='US_EAST_1'}]}, electionId=null, setVersion=2, lastWriteDate=Wed Apr 15 16:36:28 BRT 2020, lastUpdateTimeNanos=28007417594645}
2020-04-15 16:36:39.267  INFO 28475 --- [ngodb.net:27017] org.mongodb.driver.cluster               : Setting max election id to 7fffffff0000000000000002 from replica set primary userauthsamplewebflux-shard-00-02-mfqtd.mongodb.net:27017
2020-04-15 16:36:39.271  INFO 28475 --- [ngodb.net:27017] org.mongodb.driver.cluster               : Setting max set version to 2 from replica set primary userauthsamplewebflux-shard-00-02-mfqtd.mongodb.net:27017
2020-04-15 16:36:39.276  INFO 28475 --- [ngodb.net:27017] org.mongodb.driver.cluster               : Discovered replica set primary userauthsamplewebflux-shard-00-02-mfqtd.mongodb.net:27017
2020-04-15 16:36:39.275  INFO 28475 --- [ngodb.net:27017] org.mongodb.driver.cluster               : Setting max set version to 2 from replica set primary userauthsamplewebflux-shard-00-02-mfqtd.mongodb.net:27017
2020-04-15 16:36:39.279  INFO 28475 --- [ngodb.net:27017] org.mongodb.driver.cluster               : Discovered replica set primary userauthsamplewebflux-shard-00-02-mfqtd.mongodb.net:27017
2020-04-15 16:36:40.458  INFO 28475 --- [    Test worker] .a.s.j.UserAuthSampleJwtApplicationTests : Started UserAuthSampleJwtApplicationTests in 7.896 seconds (JVM running for 10.133)
LEANDRO ------------ Starting EXECUTION DUMMY DATA - Roles
LEANDRO ------------ Starting EXECUTION DUMMY DATA - Users 
LEANDRO ------------ Starting EXECUTION DUMMY DATA - Requests Maps
]]></system-out>
  <system-err><![CDATA[]]></system-err>
</testsuite>
